<?xml version="1.0" encoding="UTF-8"?>
<testng-results ignored="0" total="1" passed="1" failed="0" skipped="0">
  <reporter-output>
    <line>
      <![CDATA[Launching Application]]>
    </line>
    <line>
      <![CDATA[Test Case: Finding the fake bar]]>
    </line>
    <line>
      <![CDATA[Get Coins]]>
    </line>
    <line>
      <![CDATA[List of Coins: [0, 1, 2, 3, 4, 5, 6, 7, 8]]]>
    </line>
    <line>
      <![CDATA[Total Number of Coins: 9]]>
    </line>
    <line>
      <![CDATA[Fill left bowl of Weighing scale]]>
    </line>
    <line>
      <![CDATA[Fill right bowl of Weighing scale]]>
    </line>
    <line>
      <![CDATA[Button Click: Weigh]]>
    </line>
    <line>
      <![CDATA[Getting Weighing result]]>
    </line>
    <line>
      <![CDATA[Button Click: Reset]]>
    </line>
    <line>
      <![CDATA[Fill left bowl of Weighing scale]]>
    </line>
    <line>
      <![CDATA[Fill right bowl of Weighing scale]]>
    </line>
    <line>
      <![CDATA[Button Click: Weigh]]>
    </line>
    <line>
      <![CDATA[Getting Weighing result]]>
    </line>
    <line>
      <![CDATA[Button Click: Reset]]>
    </line>
    <line>
      <![CDATA[Fill left bowl of Weighing scale]]>
    </line>
    <line>
      <![CDATA[Fill right bowl of Weighing scale]]>
    </line>
    <line>
      <![CDATA[Button Click: Weigh]]>
    </line>
    <line>
      <![CDATA[Getting Weighing result]]>
    </line>
    <line>
      <![CDATA[Button Click: Reset]]>
    </line>
    <line>
      <![CDATA[Fake Coin is: 5]]>
    </line>
    <line>
      <![CDATA[Click on Fake Coin]]>
    </line>
    <line>
      <![CDATA[Total Number of  Weighings3]]>
    </line>
    <line>
      <![CDATA[Iteration 1 : [0,1,2,3] > [4,5,6,7]]]>
    </line>
    <line>
      <![CDATA[Iteration 2 : [4,5] < [6,7]]]>
    </line>
    <line>
      <![CDATA[Iteration 3 : [4] > [5]]]>
    </line>
    <line>
      <![CDATA[Closing Application]]>
    </line>
  </reporter-output>
  <suite started-at="2021-07-25T18:17:24 CDT" name="Default suite" finished-at="2021-07-25T18:18:15 CDT" duration-ms="50973">
    <groups>
    </groups>
    <test started-at="2021-07-25T18:17:24 CDT" name="Default test" finished-at="2021-07-25T18:18:15 CDT" duration-ms="50973">
      <class name="tests.BalanceScaleTest">
        <test-method is-config="true" signature="LaunchApplication()[pri:0, instance:tests.BalanceScaleTest@76ed1b7c]" started-at="2021-07-25T18:17:24 CDT" name="LaunchApplication" finished-at="2021-07-25T18:17:35 CDT" duration-ms="11255" status="PASS">
          <reporter-output>
            <line>
              <![CDATA[Launching Application]]>
            </line>
          </reporter-output>
        </test-method> <!-- LaunchApplication -->
        <test-method is-config="true" signature="initCalculator()[pri:0, instance:tests.BalanceScaleTest@76ed1b7c]" started-at="2021-07-25T18:17:35 CDT" name="initCalculator" finished-at="2021-07-25T18:17:35 CDT" duration-ms="1" status="PASS">
          <reporter-output>
          </reporter-output>
        </test-method> <!-- initCalculator -->
        <test-method signature="FindTheFakeCoin()[pri:0, instance:tests.BalanceScaleTest@76ed1b7c]" started-at="2021-07-25T18:17:35 CDT" name="FindTheFakeCoin" finished-at="2021-07-25T18:18:15 CDT" duration-ms="39601" status="PASS">
          <reporter-output>
            <line>
              <![CDATA[Test Case: Finding the fake bar]]>
            </line>
            <line>
              <![CDATA[Get Coins]]>
            </line>
            <line>
              <![CDATA[List of Coins: [0, 1, 2, 3, 4, 5, 6, 7, 8]]]>
            </line>
            <line>
              <![CDATA[Total Number of Coins: 9]]>
            </line>
            <line>
              <![CDATA[Fill left bowl of Weighing scale]]>
            </line>
            <line>
              <![CDATA[Fill right bowl of Weighing scale]]>
            </line>
            <line>
              <![CDATA[Button Click: Weigh]]>
            </line>
            <line>
              <![CDATA[Getting Weighing result]]>
            </line>
            <line>
              <![CDATA[Button Click: Reset]]>
            </line>
            <line>
              <![CDATA[Fill left bowl of Weighing scale]]>
            </line>
            <line>
              <![CDATA[Fill right bowl of Weighing scale]]>
            </line>
            <line>
              <![CDATA[Button Click: Weigh]]>
            </line>
            <line>
              <![CDATA[Getting Weighing result]]>
            </line>
            <line>
              <![CDATA[Button Click: Reset]]>
            </line>
            <line>
              <![CDATA[Fill left bowl of Weighing scale]]>
            </line>
            <line>
              <![CDATA[Fill right bowl of Weighing scale]]>
            </line>
            <line>
              <![CDATA[Button Click: Weigh]]>
            </line>
            <line>
              <![CDATA[Getting Weighing result]]>
            </line>
            <line>
              <![CDATA[Button Click: Reset]]>
            </line>
            <line>
              <![CDATA[Fake Coin is: 5]]>
            </line>
            <line>
              <![CDATA[Click on Fake Coin]]>
            </line>
            <line>
              <![CDATA[Total Number of  Weighings3]]>
            </line>
            <line>
              <![CDATA[Iteration 1 : [0,1,2,3] > [4,5,6,7]]]>
            </line>
            <line>
              <![CDATA[Iteration 2 : [4,5] < [6,7]]]>
            </line>
            <line>
              <![CDATA[Iteration 3 : [4] > [5]]]>
            </line>
          </reporter-output>
        </test-method> <!-- FindTheFakeCoin -->
        <test-method is-config="true" signature="CloseApplication()[pri:0, instance:tests.BalanceScaleTest@76ed1b7c]" started-at="2021-07-25T18:18:15 CDT" name="CloseApplication" finished-at="2021-07-25T18:18:15 CDT" duration-ms="89" status="PASS">
          <reporter-output>
            <line>
              <![CDATA[Closing Application]]>
            </line>
          </reporter-output>
        </test-method> <!-- CloseApplication -->
      </class> <!-- tests.BalanceScaleTest -->
    </test> <!-- Default test -->
  </suite> <!-- Default suite -->
</testng-results>
